<?xml version="1.0" encoding="UTF-8"?>
<!-- Generated by org.testng.reporters.JUnitReportReporter -->
<testsuite skipped="0" hostname="DESKTOP-4MR0A1B" name="com.crm.qa.testcases.GridTest" tests="3" failures="0" timestamp="17 Aug 2019 15:24:02 GMT" time="34.078" errors="0">
  <testcase name="mailTest" time="8.998" classname="com.crm.qa.testcases.GridTest"/>
  <testcase name="mailTest" time="10.543" classname="com.crm.qa.testcases.GridTest"/>
  <testcase name="mailTest" time="14.537" classname="com.crm.qa.testcases.GridTest"/>
</testsuite> <!-- com.crm.qa.testcases.GridTest -->
